  Database.cpp
c:\users\administrator\source\repos\employeerecords\employeerecords\database.cpp(10): error C2143: syntax error: missing ';' before '&'
c:\users\administrator\source\repos\employeerecords\employeerecords\database.cpp(10): error C4430: missing type specifier - int assumed. Note: C++ does not support default-int
c:\users\administrator\source\repos\employeerecords\employeerecords\database.cpp(10): error C2653: 'Database': is not a class or namespace name
c:\users\administrator\source\repos\employeerecords\employeerecords\database.cpp(10): error C2059: syntax error: '{'
c:\users\administrator\source\repos\employeerecords\employeerecords\database.cpp(10): error C2143: syntax error: missing ';' before '{'
c:\users\administrator\source\repos\employeerecords\employeerecords\database.cpp(10): error C2447: '{': missing function header (old-style formal list?)
c:\users\administrator\source\repos\employeerecords\employeerecords\database.cpp(19): error C2143: syntax error: missing ';' before '&'
c:\users\administrator\source\repos\employeerecords\employeerecords\database.cpp(19): error C4430: missing type specifier - int assumed. Note: C++ does not support default-int
c:\users\administrator\source\repos\employeerecords\employeerecords\database.cpp(19): error C2086: 'int EmployeeRecords::Employee': redefinition
  c:\users\administrator\source\repos\employeerecords\employeerecords\database.cpp(10): note: see declaration of 'EmployeeRecords::Employee'
c:\users\administrator\source\repos\employeerecords\employeerecords\database.cpp(19): error C2653: 'Database': is not a class or namespace name
c:\users\administrator\source\repos\employeerecords\employeerecords\database.cpp(19): error C2059: syntax error: '{'
c:\users\administrator\source\repos\employeerecords\employeerecords\database.cpp(19): error C2143: syntax error: missing ';' before '{'
c:\users\administrator\source\repos\employeerecords\employeerecords\database.cpp(19): error C2447: '{': missing function header (old-style formal list?)
c:\users\administrator\source\repos\employeerecords\employeerecords\database.cpp(30): error C2143: syntax error: missing ';' before '&'
c:\users\administrator\source\repos\employeerecords\employeerecords\database.cpp(30): error C4430: missing type specifier - int assumed. Note: C++ does not support default-int
c:\users\administrator\source\repos\employeerecords\employeerecords\database.cpp(30): error C2086: 'int EmployeeRecords::Employee': redefinition
  c:\users\administrator\source\repos\employeerecords\employeerecords\database.cpp(10): note: see declaration of 'EmployeeRecords::Employee'
c:\users\administrator\source\repos\employeerecords\employeerecords\database.cpp(30): error C2653: 'Database': is not a class or namespace name
c:\users\administrator\source\repos\employeerecords\employeerecords\database.cpp(31): error C4430: missing type specifier - int assumed. Note: C++ does not support default-int
c:\users\administrator\source\repos\employeerecords\employeerecords\database.cpp(31): error C2059: syntax error: '{'
c:\users\administrator\source\repos\employeerecords\employeerecords\database.cpp(31): error C2143: syntax error: missing ';' before '{'
c:\users\administrator\source\repos\employeerecords\employeerecords\database.cpp(31): error C2447: '{': missing function header (old-style formal list?)
c:\users\administrator\source\repos\employeerecords\employeerecords\database.cpp(43): error C2653: 'Database': is not a class or namespace name
c:\users\administrator\source\repos\employeerecords\employeerecords\database.cpp(44): error C2270: 'displayAll': modifiers not allowed on nonmember functions
c:\users\administrator\source\repos\employeerecords\employeerecords\database.cpp(45): error C2065: 'mEmployees': undeclared identifier
c:\users\administrator\source\repos\employeerecords\employeerecords\database.cpp(46): error C3312: no callable 'begin' function found for type 'unknown-type'
c:\users\administrator\source\repos\employeerecords\employeerecords\database.cpp(46): error C3312: no callable 'end' function found for type 'unknown-type'
c:\users\administrator\source\repos\employeerecords\employeerecords\database.cpp(47): error C2065: 'employee': undeclared identifier
c:\users\administrator\source\repos\employeerecords\employeerecords\database.cpp(50): error C2653: 'Database': is not a class or namespace name
c:\users\administrator\source\repos\employeerecords\employeerecords\database.cpp(51): error C2270: 'displayCurrent': modifiers not allowed on nonmember functions
c:\users\administrator\source\repos\employeerecords\employeerecords\database.cpp(52): error C2065: 'mEmployees': undeclared identifier
c:\users\administrator\source\repos\employeerecords\employeerecords\database.cpp(53): error C3312: no callable 'begin' function found for type 'unknown-type'
c:\users\administrator\source\repos\employeerecords\employeerecords\database.cpp(53): error C3312: no callable 'end' function found for type 'unknown-type'
c:\users\administrator\source\repos\employeerecords\employeerecords\database.cpp(54): error C2065: 'employee': undeclared identifier
c:\users\administrator\source\repos\employeerecords\employeerecords\database.cpp(56): error C2065: 'employee': undeclared identifier
c:\users\administrator\source\repos\employeerecords\employeerecords\database.cpp(60): error C2653: 'Database': is not a class or namespace name
c:\users\administrator\source\repos\employeerecords\employeerecords\database.cpp(61): error C2270: 'displayFormer': modifiers not allowed on nonmember functions
c:\users\administrator\source\repos\employeerecords\employeerecords\database.cpp(62): error C2065: 'mEmployees': undeclared identifier
c:\users\administrator\source\repos\employeerecords\employeerecords\database.cpp(63): error C3312: no callable 'begin' function found for type 'unknown-type'
c:\users\administrator\source\repos\employeerecords\employeerecords\database.cpp(63): error C3312: no callable 'end' function found for type 'unknown-type'
c:\users\administrator\source\repos\employeerecords\employeerecords\database.cpp(64): error C2065: 'employee': undeclared identifier
c:\users\administrator\source\repos\employeerecords\employeerecords\database.cpp(66): error C2065: 'employee': undeclared identifier
